<?xml version="1.0" encoding="UTF-8"?>
<testng-results ignored="0" total="3" passed="3" failed="0" skipped="0">
  <reporter-output>
  </reporter-output>
  <suite started-at="2023-03-13T16:03:39 IST" name="Suite" finished-at="2023-03-13T16:04:05 IST" duration-ms="25813">
    <groups>
    </groups>
    <test started-at="2023-03-13T16:03:39 IST" name="Test" finished-at="2023-03-13T16:04:05 IST" duration-ms="25813">
      <class name="Test.SampleTest">
        <test-method is-config="true" signature="setup()[pri:0, instance:Test.SampleTest@b3ca52e]" started-at="2023-03-13T16:03:39 IST" name="setup" finished-at="2023-03-13T16:03:42 IST" duration-ms="3036" status="PASS">
          <reporter-output>
          </reporter-output>
        </test-method> <!-- setup -->
        <test-method signature="Testone()[pri:0, instance:Test.SampleTest@b3ca52e]" started-at="2023-03-13T16:03:42 IST" name="Testone" finished-at="2023-03-13T16:03:46 IST" duration-ms="3704" status="PASS">
          <reporter-output>
          </reporter-output>
        </test-method> <!-- Testone -->
        <test-method is-config="true" signature="teardown()[pri:0, instance:Test.SampleTest@b3ca52e]" started-at="2023-03-13T16:03:46 IST" name="teardown" finished-at="2023-03-13T16:03:46 IST" duration-ms="192" status="PASS">
          <reporter-output>
          </reporter-output>
        </test-method> <!-- teardown -->
      </class> <!-- Test.SampleTest -->
      <class name="Test.SampleTesttwo">
        <test-method is-config="true" signature="setup()[pri:0, instance:Test.SampleTesttwo@17f7cd29]" started-at="2023-03-13T16:03:58 IST" name="setup" finished-at="2023-03-13T16:04:01 IST" duration-ms="2792" status="PASS">
          <reporter-output>
          </reporter-output>
        </test-method> <!-- setup -->
        <test-method signature="Testthree()[pri:0, instance:Test.SampleTesttwo@17f7cd29]" started-at="2023-03-13T16:04:01 IST" name="Testthree" finished-at="2023-03-13T16:04:04 IST" duration-ms="3717" status="PASS">
          <reporter-output>
          </reporter-output>
        </test-method> <!-- Testthree -->
        <test-method is-config="true" signature="teardown()[pri:0, instance:Test.SampleTesttwo@17f7cd29]" started-at="2023-03-13T16:04:04 IST" name="teardown" finished-at="2023-03-13T16:04:05 IST" duration-ms="843" status="PASS">
          <reporter-output>
          </reporter-output>
        </test-method> <!-- teardown -->
      </class> <!-- Test.SampleTesttwo -->
      <class name="Test.SampleTestOne">
        <test-method is-config="true" signature="setup()[pri:0, instance:Test.SampleTestOne@609cd4d8]" started-at="2023-03-13T16:03:46 IST" name="setup" finished-at="2023-03-13T16:03:48 IST" duration-ms="1235" status="PASS">
          <reporter-output>
          </reporter-output>
        </test-method> <!-- setup -->
        <test-method signature="Testtwo()[pri:0, instance:Test.SampleTestOne@609cd4d8]" started-at="2023-03-13T16:03:48 IST" name="Testtwo" finished-at="2023-03-13T16:03:58 IST" duration-ms="9987" status="PASS">
          <reporter-output>
          </reporter-output>
        </test-method> <!-- Testtwo -->
        <test-method is-config="true" signature="teardown()[pri:0, instance:Test.SampleTestOne@609cd4d8]" started-at="2023-03-13T16:03:58 IST" name="teardown" finished-at="2023-03-13T16:03:58 IST" duration-ms="258" status="PASS">
          <reporter-output>
          </reporter-output>
        </test-method> <!-- teardown -->
      </class> <!-- Test.SampleTestOne -->
    </test> <!-- Test -->
  </suite> <!-- Suite -->
</testng-results>
